#
# There is insufficient memory for the Java Runtime Environment to continue.
# Native memory allocation (malloc) failed to allocate 211376 bytes for Chunk::new
# Possible reasons:
#   The system is out of physical RAM or swap space
#   The process is running with CompressedOops enabled, and the Java Heap may be blocking the growth of the native heap
# Possible solutions:
#   Reduce memory load on the system
#   Increase physical memory or swap space
#   Check if swap backing store is full
#   Decrease Java heap size (-Xmx/-Xms)
#   Decrease number of Java threads
#   Decrease Java thread stack sizes (-Xss)
#   Set larger code cache with -XX:ReservedCodeCacheSize=
#   JVM is running with Zero Based Compressed Oops mode in which the Java heap is
#     placed in the first 32GB address space. The Java Heap base address is the
#     maximum limit for the native heap growth. Please use -XX:HeapBaseMinAddress
#     to set the Java Heap base and to place the Java Heap above 32GB virtual address.
# This output file may be truncated or incomplete.
#
#  Out of Memory Error (arena.cpp:184), pid=2408, tid=23256
#
# JRE version: Java(TM) SE Runtime Environment (20.0+36) (build 20+36-2344)
# Java VM: Java HotSpot(TM) 64-Bit Server VM (20+36-2344, mixed mode, sharing, tiered, compressed oops, compressed class ptrs, g1 gc, windows-amd64)
# No core dump will be written. Minidumps are not enabled by default on client versions of Windows
#

---------------  S U M M A R Y ------------

Command Line: -ea -Dfile.encoding=UTF-8 -XX:+ShowCodeDetailsInExceptionMessages org.testng.remote.RemoteTestNG -serport 55961 -protocol json -d G:\eclips workspace\Final-Project\test-output C:\Users\USER\AppData\Local\Temp\testng-eclipse-1635925095\testng-customsuite.xml

Host: Intel(R) Core(TM) i7-6500U CPU @ 2.50GHz, 4 cores, 11G,  Windows 10 , 64 bit Build 19041 (10.0.19041.2913)
Time: Sat May 20 01:53:57 2023 Jordan Standard Time elapsed time: 6.942393 seconds (0d 0h 0m 6s)

---------------  T H R E A D  ---------------

Current thread (0x000001a5fc086120):  JavaThread "C2 CompilerThread0" daemon [_thread_in_native, id=23256, stack(0x0000009dd4700000,0x0000009dd4800000)]


Current CompileTask:
C2:   6942 2101       4       jdk.internal.org.objectweb.asm.SymbolTable::addConstantUtf8Reference (101 bytes)

Stack: [0x0000009dd4700000,0x0000009dd4800000]
Native frames: (J=compiled Java code, j=interpreted, Vv=VM code, C=native code)
V  [jvm.dll+0x6bb95a]
V  [jvm.dll+0x8483aa]
V  [jvm.dll+0x849fa5]
V  [jvm.dll+0x84a6a3]
V  [jvm.dll+0x280b0f]
V  [jvm.dll+0xc2b11]
V  [jvm.dll+0xc2e35]
V  [jvm.dll+0x2f5dbf]
V  [jvm.dll+0x5e32eb]
V  [jvm.dll+0x2543b4]
V  [jvm.dll+0x24cc3a]
V  [jvm.dll+0x24a549]
V  [jvm.dll+0x1ce491]
V  [jvm.dll+0x259e1b]
V  [jvm.dll+0x2584f0]
V  [jvm.dll+0x3f2895]
V  [jvm.dll+0x7f4906]
V  [jvm.dll+0x6ba5cb]
C  [ucrtbase.dll+0x21bb2]
C  [KERNEL32.DLL+0x17614]
C  [ntdll.dll+0x526a1]


---------------  P R O C E S S  ---------------

Threads class SMR info:
_java_thread_list=0x000001a5fd724450, length=25, elements={
0x000001a5eda88cc0, 0x000001a5fc06f730, 0x000001a5fc070e70, 0x000001a5fc075570,
0x000001a5fc076050, 0x000001a5fc0772d0, 0x000001a5fc080130, 0x000001a5fc086120,
0x000001a5fc088860, 0x000001a5fc2c12d0, 0x000001a5fc2c2d60, 0x000001a5fc2c3800,
0x000001a5fc2c1d70, 0x000001a5fc2c42a0, 0x000001a5fc2c2810, 0x000001a5fc2c47f0,
0x000001a5fd4ef9a0, 0x000001a5fd4eef00, 0x000001a5fd4ecf20, 0x000001a5fd4ef450,
0x000001a5fd4ec9d0, 0x000001a5fd4ee9b0, 0x000001a5fd4ed9c0, 0x000001a5fd4f1ed0,
0x000001a5fd4f1430
}

Java Threads: ( => current thread )
  0x000001a5eda88cc0 JavaThread "main" [_thread_in_vm, id=26108, stack(0x0000009dd3a00000,0x0000009dd3b00000)]
  0x000001a5fc06f730 JavaThread "Reference Handler" daemon [_thread_blocked, id=26620, stack(0x0000009dd4100000,0x0000009dd4200000)]
  0x000001a5fc070e70 JavaThread "Finalizer" daemon [_thread_blocked, id=29372, stack(0x0000009dd4200000,0x0000009dd4300000)]
  0x000001a5fc075570 JavaThread "Signal Dispatcher" daemon [_thread_blocked, id=31344, stack(0x0000009dd4300000,0x0000009dd4400000)]
  0x000001a5fc076050 JavaThread "Attach Listener" daemon [_thread_blocked, id=27036, stack(0x0000009dd4400000,0x0000009dd4500000)]
  0x000001a5fc0772d0 JavaThread "Service Thread" daemon [_thread_blocked, id=17132, stack(0x0000009dd4500000,0x0000009dd4600000)]
  0x000001a5fc080130 JavaThread "Monitor Deflation Thread" daemon [_thread_blocked, id=28528, stack(0x0000009dd4600000,0x0000009dd4700000)]
=>0x000001a5fc086120 JavaThread "C2 CompilerThread0" daemon [_thread_in_native, id=23256, stack(0x0000009dd4700000,0x0000009dd4800000)]
  0x000001a5fc088860 JavaThread "C1 CompilerThread0" daemon [_thread_blocked, id=30524, stack(0x0000009dd4800000,0x0000009dd4900000)]
  0x000001a5fc2c12d0 JavaThread "Notification Thread" daemon [_thread_blocked, id=30868, stack(0x0000009dd4900000,0x0000009dd4a00000)]
  0x000001a5fc2c2d60 JavaThread "Common-Cleaner" daemon [_thread_blocked, id=32556, stack(0x0000009dd4b00000,0x0000009dd4c00000)]
  0x000001a5fc2c3800 JavaThread "ReaderThread" [_thread_in_native, id=29456, stack(0x0000009dd4e00000,0x0000009dd4f00000)]
  0x000001a5fc2c1d70 JavaThread "ForkJoinPool.commonPool-worker-1" daemon [_thread_blocked, id=17528, stack(0x0000009dd4c00000,0x0000009dd4d00000)]
  0x000001a5fc2c42a0 JavaThread "AsyncHttpClient-1-1" daemon [_thread_blocked, id=11228, stack(0x0000009dd5200000,0x0000009dd5300000)]
  0x000001a5fc2c2810 JavaThread "Exec Default Executor" daemon [_thread_in_native, id=26296, stack(0x0000009dd5300000,0x0000009dd5400000)]
  0x000001a5fc2c47f0 JavaThread "Exec Stream Pumper" daemon [_thread_in_native, id=15408, stack(0x0000009dd5400000,0x0000009dd5500000)]
  0x000001a5fd4ef9a0 JavaThread "Exec Stream Pumper" daemon [_thread_in_native, id=9556, stack(0x0000009dd5500000,0x0000009dd5600000)]
  0x000001a5fd4eef00 JavaThread "Driver Service Executor" daemon [_thread_blocked, id=24856, stack(0x0000009dd5600000,0x0000009dd5700000)]
  0x000001a5fd4ecf20 JavaThread "Driver Service Executor" daemon [_thread_blocked, id=21704, stack(0x0000009dd5700000,0x0000009dd5800000)]
  0x000001a5fd4ef450 JavaThread "UrlChecker-2" daemon [_thread_blocked, id=24748, stack(0x0000009dd5800000,0x0000009dd5900000)]
  0x000001a5fd4ec9d0 JavaThread "Keep-Alive-Timer" daemon [_thread_blocked, id=25472, stack(0x0000009dd5900000,0x0000009dd5a00000)]
  0x000001a5fd4ee9b0 JavaThread "AsyncHttpClient-1-2" daemon [_thread_in_native, id=26804, stack(0x0000009dd5a00000,0x0000009dd5b00000)]
  0x000001a5fd4ed9c0 JavaThread "AsyncHttpClient-1-3" daemon [_thread_in_native, id=25792, stack(0x0000009dd5b00000,0x0000009dd5c00000)]
  0x000001a5fd4f1ed0 JavaThread "AsyncHttpClient-1-4" daemon [_thread_in_native, id=32064, stack(0x0000009dd5c00000,0x0000009dd5d00000)]
  0x000001a5fd4f1430 JavaThread "ForkJoinPool.commonPool-worker-2" daemon [_thread_blocked, id=30748, stack(0x0000009dd5d00000,0x0000009dd5e00000)]

Other Threads:
  0x000001a5fc04e4a0 VMThread "VM Thread" [stack: 0x0000009dd4000000,0x0000009dd4100000] [id=27160]
  0x000001a5fc2c6340 WatcherThread "VM Periodic Task Thread" [stack: 0x0000009dd4a00000,0x0000009dd4b00000] [id=21796]
  0x000001a5edae8290 WorkerThread "GC Thread#0" [stack: 0x0000009dd3b00000,0x0000009dd3c00000] [id=31448]
  0x000001a5fc5f9fe0 WorkerThread "GC Thread#1" [stack: 0x0000009dd4f00000,0x0000009dd5000000] [id=9320]
  0x000001a5fc31f700 WorkerThread "GC Thread#2" [stack: 0x0000009dd5000000,0x0000009dd5100000] [id=23560]
  0x000001a5fc5fe820 WorkerThread "GC Thread#3" [stack: 0x0000009dd5100000,0x0000009dd5200000] [id=30840]
  0x000001a5edaf4cf0 ConcurrentGCThread "G1 Main Marker" [stack: 0x0000009dd3c00000,0x0000009dd3d00000] [id=15372]
  0x000001a5edaf6060 WorkerThread "G1 Conc#0" [stack: 0x0000009dd3d00000,0x0000009dd3e00000] [id=32612]
  0x000001a5fbf10090 ConcurrentGCThread "G1 Refine#0" [stack: 0x0000009dd3e00000,0x0000009dd3f00000] [id=28560]
  0x000001a5fbf11280 ConcurrentGCThread "G1 Service" [stack: 0x0000009dd3f00000,0x0000009dd4000000] [id=27396]

Threads with active compile tasks:
C2 CompilerThread0     6999 2101       4       jdk.internal.org.objectweb.asm.SymbolTable::addConstantUtf8Reference (101 bytes)

VM state: not at safepoint (normal execution)

VM Mutex/Monitor currently owned by a thread:  ([mutex/lock_event])
[0x000001a5eda82b90] Metaspace_lock - owner thread: 0x000001a5eda88cc0

Heap address: 0x0000000744a00000, size: 2998 MB, Compressed Oops mode: Zero based, Oop shift amount: 3

CDS archive(s) mapped at: [0x0000000800000000-0x0000000800c60000-0x0000000800c60000), size 12976128, SharedBaseAddress: 0x0000000800000000, ArchiveRelocationMode: 0.
Compressed class space mapped at: 0x0000000801000000-0x0000000841000000, reserved size: 1073741824
Narrow klass base: 0x0000000800000000, Narrow klass shift: 0, Narrow klass range: 0x100000000

GC Precious Log:
 CardTable entry size: 512
 Card Set container configuration: InlinePtr #cards 4 size 8 Array Of Cards #cards 16 size 48 Howl #buckets 8 coarsen threshold 3686 Howl Bitmap #cards 512 size 80 coarsen threshold 460 Card regions per heap region 1 cards per card region 4096
 CPUs: 4 total, 4 available
 Memory: 11989M
 Large Page Support: Disabled
 NUMA Support: Disabled
 Compressed Oops: Enabled (Zero based)
 Heap Region Size: 2M
 Heap Min Capacity: 8M
 Heap Initial Capacity: 188M
 Heap Max Capacity: 2998M
 Pre-touch: Disabled
 Parallel Workers: 4
 Concurrent Workers: 1
 Concurrent Refinement Workers: 4
 Periodic GC: Disabled

Heap:
 garbage-first heap   total 69632K, used 19501K [0x0000000744a00000, 0x0000000800000000)
  region size 2048K, 3 young (6144K), 1 survivors (2048K)
 Metaspace       used 21755K, committed 22016K, reserved 1114112K
  class space    used 2633K, committed 2752K, reserved 1048576K

Heap Regions: E=young(eden), S=young(survivor), O=old, HS=humongous(starts), HC=humongous(continues), CS=collection set, F=free, OA=open archive, CA=closed archive, TAMS=top-at-mark-start, PB=parsable bottom
|   0|0x0000000744a00000, 0x0000000744c00000, 0x0000000744c00000|100%| O|  |TAMS 0x0000000744a00000| PB 0x0000000744a00000| Untracked 
|   1|0x0000000744c00000, 0x0000000744e00000, 0x0000000744e00000|100%| O|  |TAMS 0x0000000744c00000| PB 0x0000000744c00000| Untracked 
|   2|0x0000000744e00000, 0x0000000745000000, 0x0000000745000000|100%| O|  |TAMS 0x0000000744e00000| PB 0x0000000744e00000| Untracked 
|   3|0x0000000745000000, 0x0000000745200000, 0x0000000745200000|100%|HS|  |TAMS 0x0000000745000000| PB 0x0000000745000000| Complete 
|   4|0x0000000745200000, 0x0000000745400000, 0x0000000745400000|100%|HC|  |TAMS 0x0000000745200000| PB 0x0000000745200000| Complete 
|   5|0x0000000745400000, 0x0000000745600000, 0x0000000745600000|100%|HC|  |TAMS 0x0000000745400000| PB 0x0000000745400000| Complete 
|   6|0x0000000745600000, 0x0000000745800000, 0x0000000745800000|100%| O|  |TAMS 0x0000000745600000| PB 0x0000000745600000| Untracked 
|   7|0x0000000745800000, 0x0000000745982400, 0x0000000745a00000| 75%| O|  |TAMS 0x0000000745800000| PB 0x0000000745800000| Complete 
|   8|0x0000000745a00000, 0x0000000745a00000, 0x0000000745c00000|  0%| F|  |TAMS 0x0000000745a00000| PB 0x0000000745a00000| Untracked 
|   9|0x0000000745c00000, 0x0000000745c00000, 0x0000000745e00000|  0%| F|  |TAMS 0x0000000745c00000| PB 0x0000000745c00000| Untracked 
|  10|0x0000000745e00000, 0x0000000745e00000, 0x0000000746000000|  0%| F|  |TAMS 0x0000000745e00000| PB 0x0000000745e00000| Untracked 
|  11|0x0000000746000000, 0x0000000746000000, 0x0000000746200000|  0%| F|  |TAMS 0x0000000746000000| PB 0x0000000746000000| Untracked 
|  12|0x0000000746200000, 0x0000000746200000, 0x0000000746400000|  0%| F|  |TAMS 0x0000000746200000| PB 0x0000000746200000| Untracked 
|  13|0x0000000746400000, 0x0000000746400000, 0x0000000746600000|  0%| F|  |TAMS 0x0000000746400000| PB 0x0000000746400000| Untracked 
|  14|0x0000000746600000, 0x0000000746600000, 0x0000000746800000|  0%| F|  |TAMS 0x0000000746600000| PB 0x0000000746600000| Untracked 
|  15|0x0000000746800000, 0x0000000746800000, 0x0000000746a00000|  0%| F|  |TAMS 0x0000000746800000| PB 0x0000000746800000| Untracked 
|  16|0x0000000746a00000, 0x0000000746a00000, 0x0000000746c00000|  0%| F|  |TAMS 0x0000000746a00000| PB 0x0000000746a00000| Untracked 
|  17|0x0000000746c00000, 0x0000000746c00000, 0x0000000746e00000|  0%| F|  |TAMS 0x0000000746c00000| PB 0x0000000746c00000| Untracked 
|  18|0x0000000746e00000, 0x0000000746e00000, 0x0000000747000000|  0%| F|  |TAMS 0x0000000746e00000| PB 0x0000000746e00000| Untracked 
|  19|0x0000000747000000, 0x0000000747000000, 0x0000000747200000|  0%| F|  |TAMS 0x0000000747000000| PB 0x0000000747000000| Untracked 
|  20|0x0000000747200000, 0x0000000747200000, 0x0000000747400000|  0%| F|  |TAMS 0x0000000747200000| PB 0x0000000747200000| Untracked 
|  21|0x0000000747400000, 0x0000000747400000, 0x0000000747600000|  0%| F|  |TAMS 0x0000000747400000| PB 0x0000000747400000| Untracked 
|  22|0x0000000747600000, 0x0000000747600000, 0x0000000747800000|  0%| F|  |TAMS 0x0000000747600000| PB 0x0000000747600000| Untracked 
|  23|0x0000000747800000, 0x0000000747800000, 0x0000000747a00000|  0%| F|  |TAMS 0x0000000747800000| PB 0x0000000747800000| Untracked 
|  24|0x0000000747a00000, 0x0000000747a00000, 0x0000000747c00000|  0%| F|  |TAMS 0x0000000747a00000| PB 0x0000000747a00000| Untracked 
|  25|0x0000000747c00000, 0x0000000747c00000, 0x0000000747e00000|  0%| F|  |TAMS 0x0000000747c00000| PB 0x0000000747c00000| Untracked 
|  26|0x0000000747e00000, 0x0000000747e00000, 0x0000000748000000|  0%| F|  |TAMS 0x0000000747e00000| PB 0x0000000747e00000| Untracked 
|  27|0x0000000748000000, 0x0000000748000000, 0x0000000748200000|  0%| F|  |TAMS 0x0000000748000000| PB 0x0000000748000000| Untracked 
|  28|0x0000000748200000, 0x0000000748200000, 0x0000000748400000|  0%| F|  |TAMS 0x0000000748200000| PB 0x0000000748200000| Untracked 
|  29|0x0000000748400000, 0x0000000748400000, 0x0000000748600000|  0%| F|  |TAMS 0x0000000748400000| PB 0x0000000748400000| Untracked 
|  30|0x0000000748600000, 0x0000000748600000, 0x0000000748800000|  0%| F|  |TAMS 0x0000000748600000| PB 0x0000000748600000| Untracked 
|  31|0x0000000748800000, 0x0000000748927478, 0x0000000748a00000| 57%| E|  |TAMS 0x0000000748800000| PB 0x0000000748800000| Complete 
|  86|0x000000074f600000, 0x000000074f7892a0, 0x000000074f800000| 76%| S|CS|TAMS 0x000000074f600000| PB 0x000000074f600000| Complete 
|  93|0x0000000750400000, 0x0000000750600000, 0x0000000750600000|100%| E|CS|TAMS 0x0000000750400000| PB 0x0000000750400000| Complete 

Card table byte_map: [0x000001a5f6120000,0x000001a5f6700000] _byte_map_base: 0x000001a5f26fb000

Marking Bits: (CMBitMap*) 0x000001a5edae88c0
 Bits: [0x000001a5f6ce0000, 0x000001a5f9bb8000)

Polling page: 0x000001a5eba50000

Metaspace:

Usage:
  Non-class:     18.67 MB used.
      Class:      2.57 MB used.
       Both:     21.25 MB used.

Virtual space:
  Non-class space:       64.00 MB reserved,      18.81 MB ( 29%) committed,  1 nodes.
      Class space:        1.00 GB reserved,       2.69 MB ( <1%) committed,  1 nodes.
             Both:        1.06 GB reserved,      21.50 MB (  2%) committed. 

Chunk freelists:
   Non-Class:  304.00 KB
       Class:  1.29 MB
        Both:  1.58 MB

MaxMetaspaceSize: unlimited
CompressedClassSpaceSize: 1.00 GB
Initial GC threshold: 21.00 MB
Current GC threshold: 35.12 MB
CDS: on
MetaspaceReclaimPolicy: balanced
 - commit_granule_bytes: 65536.
 - commit_granule_words: 8192.
 - virtual_space_node_default_size: 8388608.
 - enlarge_chunks_in_place: 1.
 - new_chunks_are_fully_committed: 0.
 - uncommit_free_chunks: 1.
 - use_allocation_guard: 0.


Internal statistics:

num_allocs_failed_limit: 3.
num_arena_births: 248.
num_arena_deaths: 0.
num_vsnodes_births: 2.
num_vsnodes_deaths: 0.
num_space_committed: 344.
num_space_uncommitted: 0.
num_chunks_returned_to_freelist: 3.
num_chunks_taken_from_freelist: 782.
num_chunk_merges: 3.
num_chunk_splits: 544.
num_chunks_enlarged: 429.
num_inconsistent_stats: 0.

CodeHeap 'non-profiled nmethods': size=120000Kb used=759Kb max_used=759Kb free=119240Kb
 bounds [0x000001a587ad0000, 0x000001a587d40000, 0x000001a58f000000]
CodeHeap 'profiled nmethods': size=120000Kb used=3877Kb max_used=3877Kb free=116122Kb
 bounds [0x000001a580000000, 0x000001a5803d0000, 0x000001a587530000]
CodeHeap 'non-nmethods': size=5760Kb used=1611Kb max_used=1669Kb free=4148Kb
 bounds [0x000001a587530000, 0x000001a5877a0000, 0x000001a587ad0000]
 total_blobs=2708 nmethods=2101 adapters=517
 compilation: enabled
              stopped_count=0, restarted_count=0
 full_count=0

Compilation events (20 events):
Event: 4.363 Thread 0x000001a5fc086120 nmethod 2072 0x000001a587b8ca10 code [0x000001a587b8cb80, 0x000001a587b8cc10]
Event: 4.399 Thread 0x000001a5fc088860 2092       1       io.netty.util.internal.shaded.org.jctools.queues.BaseMpscLinkedArrayQueueProducerFields::lvProducerIndex (5 bytes)
Event: 4.399 Thread 0x000001a5fc088860 nmethod 2092 0x000001a587b8cd10 code [0x000001a587b8ce80, 0x000001a587b8cf50]
Event: 6.101 Thread 0x000001a5fc088860 2093       1       jdk.internal.event.ThreadSleepEvent::isEnabled (2 bytes)
Event: 6.101 Thread 0x000001a5fc088860 nmethod 2093 0x000001a587b8d010 code [0x000001a587b8d180, 0x000001a587b8d248]
Event: 6.806 Thread 0x000001a5fc088860 2094       1       io.netty.util.HashedWheelTimer::access$200 (5 bytes)
Event: 6.806 Thread 0x000001a5fc088860 nmethod 2094 0x000001a587b8d310 code [0x000001a587b8d480, 0x000001a587b8d538]
Event: 6.903 Thread 0x000001a5fc088860 2095       3       io.netty.buffer.AbstractByteBuf::ensureAccessible (23 bytes)
Event: 6.903 Thread 0x000001a5fc088860 nmethod 2095 0x000001a5803c7010 code [0x000001a5803c71c0, 0x000001a5803c74a8]
Event: 6.903 Thread 0x000001a5fc088860 2096       3       io.netty.buffer.AbstractReferenceCountedByteBuf::isAccessible (8 bytes)
Event: 6.903 Thread 0x000001a5fc088860 nmethod 2096 0x000001a5803c7590 code [0x000001a5803c7720, 0x000001a5803c7868]
Event: 6.905 Thread 0x000001a5fc088860 2099       3       java.util.LinkedHashMap$LinkedHashIterator::<init> (31 bytes)
Event: 6.905 Thread 0x000001a5fc088860 nmethod 2099 0x000001a5803c7910 code [0x000001a5803c7aa0, 0x000001a5803c7d20]
Event: 6.905 Thread 0x000001a5fc088860 2100       3       org.openqa.selenium.json.Types::narrow (62 bytes)
Event: 6.905 Thread 0x000001a5fc086120 2101       4       jdk.internal.org.objectweb.asm.SymbolTable::addConstantUtf8Reference (101 bytes)
Event: 6.906 Thread 0x000001a5fc088860 nmethod 2100 0x000001a5803c7e10 code [0x000001a5803c80a0, 0x000001a5803c8de0]
Event: 6.906 Thread 0x000001a5fc088860 2098       1       java.util.Spliterators$IteratorSpliterator::characteristics (5 bytes)
Event: 6.906 Thread 0x000001a5fc088860 nmethod 2098 0x000001a587b8da10 code [0x000001a587b8db80, 0x000001a587b8dc48]
Event: 6.906 Thread 0x000001a5fc088860 2102       3       java.util.Collection::stream (11 bytes)
Event: 6.906 Thread 0x000001a5fc088860 nmethod 2102 0x000001a5803c9190 code [0x000001a5803c9340, 0x000001a5803c9538]

GC Heap History (8 events):
Event: 1.038 GC heap before
{Heap before GC invocations=0 (full 0):
 garbage-first heap   total 192512K, used 10240K [0x0000000744a00000, 0x0000000800000000)
  region size 2048K, 6 young (12288K), 0 survivors (0K)
 Metaspace       used 4146K, committed 4352K, reserved 1114112K
  class space    used 428K, committed 512K, reserved 1048576K
}
Event: 1.050 GC heap after
{Heap after GC invocations=1 (full 0):
 garbage-first heap   total 192512K, used 4988K [0x0000000744a00000, 0x0000000800000000)
  region size 2048K, 1 young (2048K), 1 survivors (2048K)
 Metaspace       used 4146K, committed 4352K, reserved 1114112K
  class space    used 428K, committed 512K, reserved 1048576K
}
Event: 1.378 GC heap before
{Heap before GC invocations=1 (full 0):
 garbage-first heap   total 192512K, used 13180K [0x0000000744a00000, 0x0000000800000000)
  region size 2048K, 5 young (10240K), 1 survivors (2048K)
 Metaspace       used 6656K, committed 6848K, reserved 1114112K
  class space    used 734K, committed 832K, reserved 1048576K
}
Event: 1.382 GC heap after
{Heap after GC invocations=2 (full 0):
 garbage-first heap   total 192512K, used 6299K [0x0000000744a00000, 0x0000000800000000)
  region size 2048K, 1 young (2048K), 1 survivors (2048K)
 Metaspace       used 6656K, committed 6848K, reserved 1114112K
  class space    used 734K, committed 832K, reserved 1048576K
}
Event: 2.736 GC heap before
{Heap before GC invocations=2 (full 0):
 garbage-first heap   total 192512K, used 32923K [0x0000000744a00000, 0x0000000800000000)
  region size 2048K, 15 young (30720K), 1 survivors (2048K)
 Metaspace       used 17604K, committed 17792K, reserved 1114112K
  class space    used 2048K, committed 2112K, reserved 1048576K
}
Event: 2.743 GC heap after
{Heap after GC invocations=3 (full 0):
 garbage-first heap   total 192512K, used 9688K [0x0000000744a00000, 0x0000000800000000)
  region size 2048K, 2 young (4096K), 2 survivors (4096K)
 Metaspace       used 17604K, committed 17792K, reserved 1114112K
  class space    used 2048K, committed 2112K, reserved 1048576K
}
Event: 4.100 GC heap before
{Heap before GC invocations=3 (full 0):
 garbage-first heap   total 192512K, used 28120K [0x0000000744a00000, 0x0000000800000000)
  region size 2048K, 9 young (18432K), 2 survivors (4096K)
 Metaspace       used 21250K, committed 21504K, reserved 1114112K
  class space    used 2549K, committed 2688K, reserved 1048576K
}
Event: 4.107 GC heap after
{Heap after GC invocations=4 (full 0):
 garbage-first heap   total 192512K, used 17453K [0x0000000744a00000, 0x0000000800000000)
  region size 2048K, 1 young (2048K), 1 survivors (2048K)
 Metaspace       used 21250K, committed 21504K, reserved 1114112K
  class space    used 2549K, committed 2688K, reserved 1048576K
}

Dll operation events (11 events):
Event: 0.020 Loaded shared library C:\Program Files\Java\jdk-20\bin\java.dll
Event: 0.041 Loaded shared library C:\Program Files\Java\jdk-20\bin\jsvml.dll
Event: 0.189 Loaded shared library C:\Program Files\Java\jdk-20\bin\net.dll
Event: 0.192 Loaded shared library C:\Program Files\Java\jdk-20\bin\nio.dll
Event: 0.200 Loaded shared library C:\Program Files\Java\jdk-20\bin\zip.dll
Event: 0.463 Loaded shared library C:\Program Files\Java\jdk-20\bin\jimage.dll
Event: 0.825 Loaded shared library C:\Program Files\Java\jdk-20\bin\extnet.dll
Event: 2.068 Loaded shared library C:\Program Files\Java\jdk-20\bin\management.dll
Event: 2.072 Loaded shared library C:\Program Files\Java\jdk-20\bin\management_ext.dll
Event: 2.292 Loaded shared library C:\Program Files\Java\jdk-20\bin\sunmscapi.dll
Event: 2.478 Loaded shared library C:\Program Files\Java\jdk-20\bin\verify.dll

Deoptimization events (20 events):
Event: 2.299 Thread 0x000001a5eda88cc0 Uncommon trap: trap_request=0xffffff45 fr.pc=0x000001a587b529d8 relative=0x0000000000000258
Event: 2.299 Thread 0x000001a5eda88cc0 Uncommon trap: reason=unstable_if action=reinterpret pc=0x000001a587b529d8 method=java.util.HashMap.putVal(ILjava/lang/Object;Ljava/lang/Object;ZZ)Ljava/lang/Object; @ 162 c2
Event: 2.299 Thread 0x000001a5eda88cc0 DEOPT PACKING pc=0x000001a587b529d8 sp=0x0000009dd3af95d0
Event: 2.299 Thread 0x000001a5eda88cc0 DEOPT UNPACKING pc=0x000001a587599d22 sp=0x0000009dd3af9508 mode 2
Event: 2.484 Thread 0x000001a5eda88cc0 Uncommon trap: trap_request=0xffffff45 fr.pc=0x000001a587b45260 relative=0x0000000000000640
Event: 2.484 Thread 0x000001a5eda88cc0 Uncommon trap: reason=unstable_if action=reinterpret pc=0x000001a587b45260 method=java.lang.String.replace(CC)Ljava/lang/String; @ 2 c2
Event: 2.484 Thread 0x000001a5eda88cc0 DEOPT PACKING pc=0x000001a587b45260 sp=0x0000009dd3afd090
Event: 2.484 Thread 0x000001a5eda88cc0 DEOPT UNPACKING pc=0x000001a587599d22 sp=0x0000009dd3afd040 mode 2
Event: 2.851 Thread 0x000001a5fd4ee9b0 Uncommon trap: trap_request=0xffffff45 fr.pc=0x000001a587b12bc0 relative=0x00000000000001a0
Event: 2.851 Thread 0x000001a5fd4ee9b0 Uncommon trap: reason=unstable_if action=reinterpret pc=0x000001a587b12bc0 method=java.lang.invoke.VarHandle.checkAccessModeThenIsDirect(Ljava/lang/invoke/VarHandle$AccessDescriptor;)Z @ 4 c2
Event: 2.851 Thread 0x000001a5fd4ee9b0 DEOPT PACKING pc=0x000001a587b12bc0 sp=0x0000009dd5afef10
Event: 2.851 Thread 0x000001a5fd4ee9b0 DEOPT UNPACKING pc=0x000001a587599d22 sp=0x0000009dd5afee48 mode 2
Event: 2.858 Thread 0x000001a5fd4ee9b0 Uncommon trap: trap_request=0xffffff45 fr.pc=0x000001a587b495e4 relative=0x0000000000000064
Event: 2.858 Thread 0x000001a5fd4ee9b0 Uncommon trap: reason=unstable_if action=reinterpret pc=0x000001a587b495e4 method=java.lang.CharacterData.of(I)Ljava/lang/CharacterData; @ 15 c2
Event: 2.858 Thread 0x000001a5fd4ee9b0 DEOPT PACKING pc=0x000001a587b495e4 sp=0x0000009dd5afdf20
Event: 2.858 Thread 0x000001a5fd4ee9b0 DEOPT UNPACKING pc=0x000001a587599d22 sp=0x0000009dd5afdea8 mode 2
Event: 3.989 Thread 0x000001a5eda88cc0 Uncommon trap: trap_request=0xffffff45 fr.pc=0x000001a587b317a8 relative=0x0000000000000d28
Event: 3.989 Thread 0x000001a5eda88cc0 Uncommon trap: reason=unstable_if action=reinterpret pc=0x000001a587b317a8 method=java.util.concurrent.ConcurrentHashMap.putVal(Ljava/lang/Object;Ljava/lang/Object;Z)Ljava/lang/Object; @ 231 c2
Event: 3.989 Thread 0x000001a5eda88cc0 DEOPT PACKING pc=0x000001a587b317a8 sp=0x0000009dd3afd070
Event: 3.990 Thread 0x000001a5eda88cc0 DEOPT UNPACKING pc=0x000001a587599d22 sp=0x0000009dd3afcfd0 mode 2

Classes loaded (20 events):
Event: 4.141 Loading class java/util/stream/MatchOps
Event: 4.141 Loading class java/util/stream/MatchOps done
Event: 4.142 Loading class java/util/stream/MatchOps$MatchOp
Event: 4.142 Loading class java/util/stream/MatchOps$MatchOp done
Event: 4.142 Loading class java/util/stream/MatchOps$BooleanTerminalSink
Event: 4.142 Loading class java/util/stream/MatchOps$BooleanTerminalSink done
Event: 4.142 Loading class java/util/stream/MatchOps$MatchTask
Event: 4.142 Loading class java/util/stream/MatchOps$MatchTask done
Event: 4.142 Loading class java/util/stream/MatchOps$1MatchSink
Event: 4.142 Loading class java/util/stream/MatchOps$1MatchSink done
Event: 4.144 Loading class java/util/stream/Nodes$ToArrayTask$OfRef
Event: 4.144 Loading class java/util/stream/Nodes$ToArrayTask
Event: 4.145 Loading class java/util/stream/Nodes$ToArrayTask done
Event: 4.145 Loading class java/util/stream/Nodes$ToArrayTask$OfRef done
Event: 4.171 Loading class java/util/concurrent/ConcurrentHashMap$EntrySpliterator
Event: 4.171 Loading class java/util/concurrent/ConcurrentHashMap$EntrySpliterator done
Event: 4.498 Loading class java/util/concurrent/ConcurrentLinkedDeque$Itr
Event: 4.498 Loading class java/util/concurrent/ConcurrentLinkedDeque$AbstractItr
Event: 4.498 Loading class java/util/concurrent/ConcurrentLinkedDeque$AbstractItr done
Event: 4.498 Loading class java/util/concurrent/ConcurrentLinkedDeque$Itr done

Classes unloaded (0 events):
No events

Classes redefined (0 events):
No events

Internal exceptions (20 events):
Event: 2.468 Thread 0x000001a5eda88cc0 Exception <a 'java/lang/NoSuchMethodError'{0x000000074eff1648}: 'java.lang.Object java.lang.invoke.DirectMethodHandle$Holder.invokeInterface(java.lang.Object, java.lang.Object, java.lang.Object)'> (0x000000074eff1648) 
thrown [s\open\src\hotspot\share\interpreter\linkResolver.cpp, line 773]
Event: 2.468 Thread 0x000001a5eda88cc0 Exception <a 'java/lang/IncompatibleClassChangeError'{0x000000074eff4ce0}: Found class java.lang.Object, but interface was expected> (0x000000074eff4ce0) 
thrown [s\open\src\hotspot\share\interpreter\linkResolver.cpp, line 840]
Event: 2.469 Thread 0x000001a5eda88cc0 Exception <a 'java/lang/NoSuchMethodError'{0x000000074effd888}: 'int java.lang.invoke.DirectMethodHandle$Holder.invokeSpecialIFC(java.lang.Object, java.lang.Object, java.lang.Object, java.lang.Object)'> (0x000000074effd888) 
thrown [s\open\src\hotspot\share\interpreter\linkResolver.cpp, line 773]
Event: 2.551 Thread 0x000001a5fd4ef450 Exception <a 'java/net/ConnectException'{0x000000074ed3db68}: Connection refused: no further information> (0x000000074ed3db68) 
thrown [s\open\src\hotspot\share\prims\jni.cpp, line 538]
Event: 2.571 Thread 0x000001a5fd4ef450 Exception <a 'java/net/ConnectException'{0x000000074ed3ebc0}: Connection refused: no further information> (0x000000074ed3ebc0) 
thrown [s\open\src\hotspot\share\prims\jni.cpp, line 538]
Event: 2.639 Thread 0x000001a5eda88cc0 Exception <a 'java/lang/NoSuchMethodError'{0x000000074ea6b030}: 'void java.lang.invoke.DirectMethodHandle$Holder.invokeSpecial(java.lang.Object, java.lang.Object, java.lang.Object, java.lang.Object, java.lang.Object)'> (0x000000074ea6b030) 
thrown [s\open\src\hotspot\share\interpreter\linkResolver.cpp, line 773]
Event: 2.640 Thread 0x000001a5eda88cc0 Exception <a 'java/lang/NoSuchMethodError'{0x000000074ea71e00}: 'void java.lang.invoke.DirectMethodHandle$Holder.invokeStatic(java.lang.Object, java.lang.Object, int)'> (0x000000074ea71e00) 
thrown [s\open\src\hotspot\share\interpreter\linkResolver.cpp, line 773]
Event: 2.650 Thread 0x000001a5eda88cc0 Exception <a 'java/lang/NoSuchMethodError'{0x000000074eb071e8}: 'java.lang.Object java.lang.invoke.DirectMethodHandle$Holder.newInvokeSpecial(java.lang.Object, java.lang.Object, java.lang.Object, java.lang.Object, java.lang.Object)'> (0x000000074eb071e8) 
thrown [s\open\src\hotspot\share\interpreter\linkResolver.cpp, line 773]
Event: 2.683 Thread 0x000001a5eda88cc0 Exception <a 'java/lang/NoSuchMethodError'{0x000000074e83a590}: 'int java.lang.invoke.DirectMethodHandle$Holder.invokeSpecialIFC(java.lang.Object, java.lang.Object, java.lang.Object)'> (0x000000074e83a590) 
thrown [s\open\src\hotspot\share\interpreter\linkResolver.cpp, line 773]
Event: 2.776 Thread 0x000001a5eda88cc0 Exception <a 'java/lang/NoSuchMethodError'{0x0000000750589238}: 'long java.lang.invoke.DirectMethodHandle$Holder.invokeInterface(java.lang.Object, java.lang.Object)'> (0x0000000750589238) 
thrown [s\open\src\hotspot\share\interpreter\linkResolver.cpp, line 773]
Event: 2.776 Thread 0x000001a5eda88cc0 Exception <a 'java/lang/NoSuchMethodError'{0x000000075058cee0}: 'long java.lang.invoke.DelegatingMethodHandle$Holder.reinvoke_L(java.lang.Object, java.lang.Object)'> (0x000000075058cee0) 
thrown [s\open\src\hotspot\share\interpreter\linkResolver.cpp, line 773]
Event: 3.962 Thread 0x000001a5eda88cc0 Exception <a 'java/lang/NoSuchMethodError'{0x000000074ff90040}: 'java.lang.Object java.lang.invoke.DirectMethodHandle$Holder.invokeSpecialIFC(java.lang.Object, java.lang.Object, java.lang.Object)'> (0x000000074ff90040) 
thrown [s\open\src\hotspot\share\interpreter\linkResolver.cpp, line 773]
Event: 4.087 Thread 0x000001a5eda88cc0 Exception <a 'java/lang/NoSuchMethodError'{0x000000074fbfe250}: 'void java.lang.invoke.DirectMethodHandle$Holder.invokeStatic(java.lang.Object, java.lang.Object, java.lang.Object, java.lang.Object, java.lang.Object, java.lang.Object)'> (0x000000074fbfe250) 
thrown [s\open\src\hotspot\share\interpreter\linkResolver.cpp, line 773]
Event: 4.090 Thread 0x000001a5eda88cc0 Exception <a 'java/lang/IncompatibleClassChangeError'{0x000000074f810640}: Found class java.lang.Object, but interface was expected> (0x000000074f810640) 
thrown [s\open\src\hotspot\share\interpreter\linkResolver.cpp, line 840]
Event: 4.098 Thread 0x000001a5eda88cc0 Exception <a 'java/lang/NoSuchMethodError'{0x000000074f852000}: 'java.lang.Object java.lang.invoke.DirectMethodHandle$Holder.newInvokeSpecial(java.lang.Object, java.lang.Object, int, java.lang.Object, java.lang.Object)'> (0x000000074f852000) 
thrown [s\open\src\hotspot\share\interpreter\linkResolver.cpp, line 773]
Event: 4.130 Thread 0x000001a5eda88cc0 Exception <a 'java/lang/NoSuchMethodError'{0x000000075046ea30}: 'java.lang.Object java.lang.invoke.DirectMethodHandle$Holder.newInvokeSpecial(java.lang.Object, int, java.lang.Object)'> (0x000000075046ea30) 
thrown [s\open\src\hotspot\share\interpreter\linkResolver.cpp, line 773]
Event: 4.136 Thread 0x000001a5eda88cc0 Exception <a 'java/lang/NoSuchMethodError'{0x0000000750490b18}: 'java.lang.Object java.lang.invoke.DirectMethodHandle$Holder.invokeStatic(java.lang.Object, java.lang.Object, int, java.lang.Object, java.lang.Object)'> (0x0000000750490b18) 
thrown [s\open\src\hotspot\share\interpreter\linkResolver.cpp, line 773]
Event: 4.137 Thread 0x000001a5eda88cc0 Exception <a 'java/lang/NoSuchMethodError'{0x00000007504981c0}: 'java.lang.Object java.lang.invoke.DirectMethodHandle$Holder.newInvokeSpecial(java.lang.Object, java.lang.Object, int, java.lang.Object)'> (0x00000007504981c0) 
thrown [s\open\src\hotspot\share\interpreter\linkResolver.cpp, line 773]
Event: 4.137 Thread 0x000001a5eda88cc0 Exception <a 'java/lang/NoSuchMethodError'{0x000000075049c220}: 'java.lang.Object java.lang.invoke.DirectMethodHandle$Holder.invokeSpecial(java.lang.Object, java.lang.Object, java.lang.Object, int, java.lang.Object)'> (0x000000075049c220) 
thrown [s\open\src\hotspot\share\interpreter\linkResolver.cpp, line 773]
Event: 4.137 Thread 0x000001a5eda88cc0 Exception <a 'java/lang/NoSuchMethodError'{0x000000075049f978}: 'java.lang.Object java.lang.invoke.Invokers$Holder.linkToTargetMethod(java.lang.Object, int, java.lang.Object, java.lang.Object)'> (0x000000075049f978) 
thrown [s\open\src\hotspot\share\interpreter\linkResolver.cpp, line 773]

VM Operations (20 events):
Event: 2.165 Executing VM operation: HandshakeAllThreads
Event: 2.166 Executing VM operation: HandshakeAllThreads done
Event: 2.607 Executing VM operation: HandshakeAllThreads
Event: 2.607 Executing VM operation: HandshakeAllThreads done
Event: 2.607 Executing VM operation: Cleanup
Event: 2.607 Executing VM operation: Cleanup done
Event: 2.736 Executing VM operation: G1CollectForAllocation
Event: 2.743 Executing VM operation: G1CollectForAllocation done
Event: 3.752 Executing VM operation: Cleanup
Event: 3.752 Executing VM operation: Cleanup done
Event: 4.100 Executing VM operation: CollectForMetadataAllocation
Event: 4.107 Executing VM operation: CollectForMetadataAllocation done
Event: 4.118 Executing VM operation: G1PauseRemark
Event: 4.121 Executing VM operation: G1PauseRemark done
Event: 4.128 Executing VM operation: G1PauseCleanup
Event: 4.128 Executing VM operation: G1PauseCleanup done
Event: 4.159 Executing VM operation: HandshakeAllThreads
Event: 4.159 Executing VM operation: HandshakeAllThreads done
Event: 5.164 Executing VM operation: Cleanup
Event: 5.164 Executing VM operation: Cleanup done

Events (20 events):
Event: 0.063 Thread 0x000001a5fc086120 Thread added: 0x000001a5fc086120
Event: 0.063 Thread 0x000001a5fc088860 Thread added: 0x000001a5fc088860
Event: 0.176 Thread 0x000001a5fc2c12d0 Thread added: 0x000001a5fc2c12d0
Event: 0.181 Thread 0x000001a5fc2c2d60 Thread added: 0x000001a5fc2c2d60
Event: 0.510 Thread 0x000001a5fc43a5e0 Thread added: 0x000001a5fc43a5e0
Event: 0.836 Thread 0x000001a5fc2c3800 Thread added: 0x000001a5fc2c3800
Event: 1.584 Thread 0x000001a5fc43a5e0 Thread exited: 0x000001a5fc43a5e0
Event: 1.988 Thread 0x000001a5fc2c1d70 Thread added: 0x000001a5fc2c1d70
Event: 2.097 Thread 0x000001a5fc2c42a0 Thread added: 0x000001a5fc2c42a0
Event: 2.485 Thread 0x000001a5fc2c2810 Thread added: 0x000001a5fc2c2810
Event: 2.494 Thread 0x000001a5fc2c47f0 Thread added: 0x000001a5fc2c47f0
Event: 2.494 Thread 0x000001a5fd4ef9a0 Thread added: 0x000001a5fd4ef9a0
Event: 2.542 Thread 0x000001a5fd4eef00 Thread added: 0x000001a5fd4eef00
Event: 2.543 Thread 0x000001a5fd4ecf20 Thread added: 0x000001a5fd4ecf20
Event: 2.546 Thread 0x000001a5fd4ef450 Thread added: 0x000001a5fd4ef450
Event: 2.606 Thread 0x000001a5fd4ec9d0 Thread added: 0x000001a5fd4ec9d0
Event: 2.850 Thread 0x000001a5fd4ee9b0 Thread added: 0x000001a5fd4ee9b0
Event: 4.012 Thread 0x000001a5fd4ed9c0 Thread added: 0x000001a5fd4ed9c0
Event: 4.031 Thread 0x000001a5fd4f1ed0 Thread added: 0x000001a5fd4f1ed0
Event: 4.144 Thread 0x000001a5fd4f1430 Thread added: 0x000001a5fd4f1430


Dynamic libraries:
0x00007ff7a0b90000 - 0x00007ff7a0ba0000 	C:\Program Files\Java\jdk-20\bin\javaw.exe
0x00007ff845d50000 - 0x00007ff845f48000 	C:\Windows\SYSTEM32\ntdll.dll
0x00007ff8444e0000 - 0x00007ff84459f000 	C:\Windows\System32\KERNEL32.DLL
0x00007ff843750000 - 0x00007ff843a46000 	C:\Windows\System32\KERNELBASE.dll
0x00007ff843cb0000 - 0x00007ff843db0000 	C:\Windows\System32\ucrtbase.dll
0x00007ff83b230000 - 0x00007ff83b249000 	C:\Program Files\Java\jdk-20\bin\jli.dll
0x00007ff844280000 - 0x00007ff84432f000 	C:\Windows\System32\ADVAPI32.dll
0x00007ff844ff0000 - 0x00007ff84508e000 	C:\Windows\System32\msvcrt.dll
0x00007ff844970000 - 0x00007ff844a0c000 	C:\Windows\System32\sechost.dll
0x00007ff8445d0000 - 0x00007ff8446f6000 	C:\Windows\System32\RPCRT4.dll
0x00007ff844df0000 - 0x00007ff844f8d000 	C:\Windows\System32\USER32.dll
0x00007ff843430000 - 0x00007ff843452000 	C:\Windows\System32\win32u.dll
0x00007ff8445a0000 - 0x00007ff8445cc000 	C:\Windows\System32\GDI32.dll
0x00007ff843630000 - 0x00007ff843745000 	C:\Windows\System32\gdi32full.dll
0x00007ff843c10000 - 0x00007ff843cad000 	C:\Windows\System32\msvcp_win.dll
0x00007ff83b1a0000 - 0x00007ff83b1bb000 	C:\Program Files\Java\jdk-20\bin\VCRUNTIME140.dll
0x00007ff83a010000 - 0x00007ff83a2aa000 	C:\Windows\WinSxS\amd64_microsoft.windows.common-controls_6595b64144ccf1df_6.0.19041.1110_none_60b5254171f9507e\COMCTL32.dll
0x00007ff83bf00000 - 0x00007ff83bf0a000 	C:\Windows\SYSTEM32\VERSION.dll
0x00007ff843f60000 - 0x00007ff843f90000 	C:\Windows\System32\IMM32.DLL
0x00007ff83b220000 - 0x00007ff83b22c000 	C:\Program Files\Java\jdk-20\bin\vcruntime140_1.dll
0x00007ff81f2d0000 - 0x00007ff81f35e000 	C:\Program Files\Java\jdk-20\bin\msvcp140.dll
0x00007fffcfaf0000 - 0x00007fffd0787000 	C:\Program Files\Java\jdk-20\bin\server\jvm.dll
0x00007ff836e80000 - 0x00007ff836e89000 	C:\Windows\SYSTEM32\WSOCK32.dll
0x00007ff8447d0000 - 0x00007ff84483b000 	C:\Windows\System32\WS2_32.dll
0x00007ff83a360000 - 0x00007ff83a387000 	C:\Windows\SYSTEM32\WINMM.dll
0x00007ff841210000 - 0x00007ff841222000 	C:\Windows\SYSTEM32\kernel.appcore.dll
0x00007ff83b1f0000 - 0x00007ff83b1fa000 	C:\Program Files\Java\jdk-20\bin\jimage.dll
0x00007ff83b860000 - 0x00007ff83ba44000 	C:\Windows\SYSTEM32\DBGHELP.DLL
0x00007ff83b6b0000 - 0x00007ff83b6e4000 	C:\Windows\SYSTEM32\dbgcore.DLL
0x00007ff843b80000 - 0x00007ff843c02000 	C:\Windows\System32\bcryptPrimitives.dll
0x00007ff835820000 - 0x00007ff835846000 	C:\Program Files\Java\jdk-20\bin\java.dll
0x00007ff81ec20000 - 0x00007ff81ecf7000 	C:\Program Files\Java\jdk-20\bin\jsvml.dll
0x00007ff8455b0000 - 0x00007ff845cf4000 	C:\Windows\System32\SHELL32.dll
0x00007ff8414f0000 - 0x00007ff841c83000 	C:\Windows\SYSTEM32\windows.storage.dll
0x00007ff844a10000 - 0x00007ff844d64000 	C:\Windows\System32\combase.dll
0x00007ff842e90000 - 0x00007ff842ebe000 	C:\Windows\SYSTEM32\Wldp.dll
0x00007ff845090000 - 0x00007ff84513d000 	C:\Windows\System32\SHCORE.dll
0x00007ff843f90000 - 0x00007ff843fe5000 	C:\Windows\System32\shlwapi.dll
0x00007ff843370000 - 0x00007ff84338f000 	C:\Windows\SYSTEM32\profapi.dll
0x00007ff83ac60000 - 0x00007ff83ac73000 	C:\Program Files\Java\jdk-20\bin\net.dll
0x00007ff83bc40000 - 0x00007ff83bd4a000 	C:\Windows\SYSTEM32\WINHTTP.dll
0x00007ff842bf0000 - 0x00007ff842c5a000 	C:\Windows\system32\mswsock.dll
0x00007ff82d350000 - 0x00007ff82d366000 	C:\Program Files\Java\jdk-20\bin\nio.dll
0x00007ff81f830000 - 0x00007ff81f848000 	C:\Program Files\Java\jdk-20\bin\zip.dll
0x00007ff8428e0000 - 0x00007ff8429ab000 	C:\Windows\SYSTEM32\DNSAPI.dll
0x00007ff842890000 - 0x00007ff8428cc000 	C:\Windows\SYSTEM32\IPHLPAPI.DLL
0x00007ff845d00000 - 0x00007ff845d08000 	C:\Windows\System32\NSI.dll
0x0000000063a30000 - 0x0000000063a56000 	C:\Program Files\Bonjour\mdnsNSP.dll
0x00007ff83b590000 - 0x00007ff83b59a000 	C:\Windows\System32\rasadhlp.dll
0x00007ff83aa00000 - 0x00007ff83aa82000 	C:\Windows\System32\fwpuclnt.dll
0x00007ff843b50000 - 0x00007ff843b77000 	C:\Windows\System32\bcrypt.dll
0x00007ff83b1e0000 - 0x00007ff83b1e7000 	C:\Program Files\Java\jdk-20\bin\extnet.dll
0x00007ff842de0000 - 0x00007ff842df8000 	C:\Windows\SYSTEM32\CRYPTSP.dll
0x00007ff8424a0000 - 0x00007ff8424d4000 	C:\Windows\system32\rsaenh.dll
0x00007ff843330000 - 0x00007ff84335e000 	C:\Windows\SYSTEM32\USERENV.dll
0x00007ff842e00000 - 0x00007ff842e0c000 	C:\Windows\SYSTEM32\CRYPTBASE.dll
0x00007ff83cd80000 - 0x00007ff83cd97000 	C:\Windows\SYSTEM32\dhcpcsvc6.DLL
0x00007ff83cb60000 - 0x00007ff83cb7d000 	C:\Windows\SYSTEM32\dhcpcsvc.DLL
0x00007ff840c30000 - 0x00007ff840cc1000 	C:\Windows\system32\apphelp.dll
0x00007ff83e040000 - 0x00007ff83e04a000 	C:\Program Files\Java\jdk-20\bin\management.dll
0x00007ff83d9e0000 - 0x00007ff83d9eb000 	C:\Program Files\Java\jdk-20\bin\management_ext.dll
0x00007ff843e60000 - 0x00007ff843e68000 	C:\Windows\System32\PSAPI.DLL
0x00007ff836810000 - 0x00007ff83681e000 	C:\Program Files\Java\jdk-20\bin\sunmscapi.dll
0x00007ff843460000 - 0x00007ff8435be000 	C:\Windows\System32\CRYPT32.dll
0x00007ff842f00000 - 0x00007ff842f28000 	C:\Windows\SYSTEM32\ncrypt.dll
0x00007ff842ec0000 - 0x00007ff842efb000 	C:\Windows\SYSTEM32\NTASN1.dll
0x00007ffff8090000 - 0x00007ffff8097000 	C:\Windows\system32\wshunix.dll
0x00007ff83a9e0000 - 0x00007ff83a9f0000 	C:\Program Files\Java\jdk-20\bin\verify.dll

dbghelp: loaded successfully - version: 4.0.5 - missing functions: none
symbol engine: initialized successfully - sym options: 0x614 - pdb path: .;C:\Program Files\Java\jdk-20\bin;C:\Windows\SYSTEM32;C:\Windows\WinSxS\amd64_microsoft.windows.common-controls_6595b64144ccf1df_6.0.19041.1110_none_60b5254171f9507e;C:\Program Files\Java\jdk-20\bin\server;C:\Program Files\Bonjour

VM Arguments:
jvm_args: -ea -Dfile.encoding=UTF-8 -XX:+ShowCodeDetailsInExceptionMessages 
java_command: org.testng.remote.RemoteTestNG -serport 55961 -protocol json -d G:\eclips workspace\Final-Project\test-output C:\Users\USER\AppData\Local\Temp\testng-eclipse-1635925095\testng-customsuite.xml
java_class_path (initial): C:\Users\USER\eclipse\java-2023-03\eclipse\configuration\org.eclipse.osgi\444\0\.cp\lib\testng-remote.jar;G:\eclips workspace\Final-Project\target\test-classes;G:\eclips workspace\Final-Project\target\classes;C:\Users\USER\.p2\pool\plugins\org.testng_7.4.0.r202105021533.jar;C:\Users\USER\.p2\pool\plugins\com.beust.jcommander_1.78.0.jar;C:\Users\USER\.p2\pool\plugins\org.apache-extras.beanshell.bsh_2.0.0.b6.jar;C:\Users\USER\.p2\pool\plugins\org.yaml.snakeyaml_1.27.0.v20221112-0806.jar;C:\Users\USER\.p2\pool\plugins\org.webjars.jquery_3.5.1.jar;C:\Users\USER\.m2\repository\org\seleniumhq\selenium\selenium-api\4.8.3\selenium-api-4.8.3.jar;C:\Users\USER\.m2\repository\org\seleniumhq\selenium\selenium-java\4.9.1\selenium-java-4.9.1.jar;C:\Users\USER\.m2\repository\org\seleniumhq\selenium\selenium-api\4.9.1\selenium-api-4.9.1.jar;C:\Users\USER\.m2\repository\org\seleniumhq\selenium\selenium-chrome-driver\4.9.1\selenium-chrome-driver-4.9.1.jar;C:\Users\USER\.m2\repository\com\google\auto\service\auto-service-annotations\1.0.1\auto-service-annotations-1.0.1.jar;C:\Users\USER\.m2\repository\com\google\auto\service\auto-service\1.0.1\auto-service-1.0.1.jar;C:\Users\USER\.m2\repository\com\google\auto\auto-common\1.2\auto-common-1.2.jar;C:\Users\USER\.m2\repository\com\google\guava\guava\31.1-jre\guava-31.1-jre.jar;C:\Users\USER\.m2\repository\com\google\guava\failureaccess\1.0.1\failureaccess-1.0.1.jar;C:\Users\USER\.m2\repository\com\google\guava\listenablefuture\9999.0-empty-to-avoid-conflict-with-guava\listenablefuture-9999.0-empty-to-avoid-conflict-with-guava.jar;C:\Users\USER\.m2\repository\com\google\code\findbugs\jsr305\3.0.2\jsr305-3.0.2.jar;C:\Users\USER\.m2\repository\org\checkerframework\checker-qual\3.12.0\checker-qual-3.12.0.jar;C:\Users\USER\.m2\repository\com\google\errorprone\error_prone_annotations\2.11.0\error_prone_annotations-2.11.0.jar;C:\Users\USER\.m2\repository\com\google\j2objc\j2objc-annotations\1.3\j2objc-annotations-1.3.jar;C:\Users\USER\.m2\repository\org\seleniumhq\selenium\selenium-chromium-driver\4.9.1\selenium-chromium-driver-4.9.1.jar;C:\Users\USER\.m2\repository\org\seleniumhq\selenium\selenium-json\4.9.1\selenium-json-4.9.1.jar;C:\Users\USER\.m2\repository\org\seleniumhq\selenium\selenium-manager\4.9.1\selenium-manager-4.9.1.jar;C:\Users\USER\.m2\repository\org\seleniumhq\selenium\selenium-devtools-v111\4.9.1\selenium-devtools-v111-4.9.1.jar;C:\Users\USER\.m2\repository\org\seleniumhq\selenium\selenium-devtools-v112\4.9.1\selenium-devtools-v112-4.9.1.jar;C:\Users\USER\.m2\repository\org\seleniumhq\selenium\selenium-devtools-v113\4.9.1\selenium-devtools-v113-4.9.1.jar;C:\Users\USER\.m2\repository\org\seleniumhq\selenium\selenium-devtools-v85\4.9.1\selenium-devtools-v85-4.9.1.jar;C:\Users\USER\.m2\repository\org\seleniumhq\selenium\selenium-edge-driver\4.9.1\selenium-edge-driver-4.9.1.jar;C:\Users\USER\.m2\repository\org\seleniumhq\selenium\selenium-firefox-driver\4.9.1\selenium-firefox-driver-4.9.1.jar;C:\Users\USER\.m2\repository\org\seleniumhq\selenium\selenium-http\4.9.1\selenium-http-4.9.1.jar;C:\Users\USER\.m2\repository\dev\failsafe\failsafe\3.3.1\failsafe-3.3.1.jar;C:\Users\USER\.m2\repository\org\seleniumhq\selenium\selenium-ie-driver\4.9.1\selenium-ie-driver-4.9.1.jar;C:\Users\USER\.m2\repository\org\seleniumhq\selenium\selenium-remote-driver\4.9.1\selenium-remote-driver-4.9.1.jar;C:\Users\USER\.m2\repository\io\netty\netty-buffer\4.1.91.Final\netty-buffer-4.1.91.Final.jar;C:\Users\USER\.m2\repository\io\netty\netty-codec-http\4.1.91.Final\netty-codec-http-4.1.91.Final.jar;C:\Users\USER\.m2\repository\io\netty\netty-codec\4.1.91.Final\netty-codec-4.1.91.Final.jar;C:\Users\USER\.m2\repository\io\netty\netty-handler\4.1.91.Final\netty-handler-4.1.91.Final.jar;C:\Users\USER\.m2\repository\io\netty\netty-common\4.1.91.Final\netty-common-4.1.91.Final.jar;C:\Users\USER\.m2\repository\io\netty\netty-transport-classes-epoll\4.1.91.Final\netty-transport-classes-epoll-4.1.91.Final.jar;C:\Users\USER\.m2\repository\io\netty\netty-transport-classes-kqueue\4.1.91.Final\netty-transport-classes-kqueue-4.1.91.Final.jar;C:\Users\USER\.m2\repository\io\netty\netty-transport-native-epoll\4.1.91.Final\netty-transport-native-epoll-4.1.91.Final.jar;C:\Users\USER\.m2\repository\io\netty\netty-transport-native-kqueue\4.1.91.Final\netty-transport-native-kqueue-4.1.91.Final.jar;C:\Users\USER\.m2\repository\io\netty\netty-transport-native-unix-common\4.1.91.Final\netty-transport-native-unix-common-4.1.91.Final.jar;C:\Users\USER\.m2\repository\io\netty\netty-transport\4.1.91.Final\netty-transport-4.1.91.Final.jar;C:\Users\USER\.m2\repository\io\netty\netty-resolver\4.1.91.Final\netty-resolver-4.1.91.Final.jar;C:\Users\USER\.m2\repository\io\opentelemetry\opentelemetry-api\1.25.0\opentelemetry-api-1.25.0.jar;C:\Users\USER\.m2\repository\io\opentelemetry\opentelemetry-context\1.25.0\opentelemetry-context-1.25.0.jar;C:\Users\USER\.m2\repository\io\opentelemetry\opentelemetry-exporter-logging\1.25.0\opentelemetry-exporter-logging-1.25.0.jar;C:\Users\USER\.m2\repository\io\opentelemetry\opentelemetry-sdk-metrics\1.25.0\opentelemetry-sdk-metrics-1.25.0.jar;C:\Users\USER\.m2\repository\io\opentelemetry\opentelemetry-sdk-logs\1.25.0-alpha\opentelemetry-sdk-logs-1.25.0-alpha.jar;C:\Users\USER\.m2\repository\io\opentelemetry\opentelemetry-api-logs\1.25.0-alpha\opentelemetry-api-logs-1.25.0-alpha.jar;C:\Users\USER\.m2\repository\io\opentelemetry\opentelemetry-api-events\1.25.0-alpha\opentelemetry-api-events-1.25.0-alpha.jar;C:\Users\USER\.m2\repository\io\opentelemetry\opentelemetry-sdk-common\1.25.0\opentelemetry-sdk-common-1.25.0.jar;C:\Users\USER\.m2\repository\io\opentelemetry\opentelemetry-sdk-extension-autoconfigure-spi\1.25.0\opentelemetry-sdk-extension-autoconfigure-spi-1.25.0.jar;C:\Users\USER\.m2\repository\io\opentelemetry\opentelemetry-sdk-extension-autoconfigure\1.25.0-alpha\opentelemetry-sdk-extension-autoconfigure-1.25.0-alpha.jar;C:\Users\USER\.m2\repository\io\opentelemetry\opentelemetry-sdk-trace\1.25.0\opentelemetry-sdk-trace-1.25.0.jar;C:\Users\USER\.m2\repository\io\opentelemetry\opentelemetry-sdk\1.25.0\opentelemetry-sdk-1.25.0.jar;C:\Users\USER\.m2\repository\io\opentelemetry\opentelemetry-semconv\1.25.0-alpha\opentelemetry-semconv-1.25.0-alpha.jar;C:\Users\USER\.m2\repository\io\ous\jtoml\2.0.0\jtoml-2.0.0.jar;C:\Users\USER\.m2\repository\net\bytebuddy\byte-buddy\1.14.4\byte-buddy-1.14.4.jar;C:\Users\USER\.m2\repository\org\apache\commons\commons-exec\1.3\commons-exec-1.3.jar;C:\Users\USER\.m2\repository\org\asynchttpclient\async-http-client\2.12.3\async-http-client-2.12.3.jar;C:\Users\USER\.m2\repository\org\asynchttpclient\async-http-client-netty-utils\2.12.3\async-http-client-netty-utils-2.12.3.jar;C:\Users\USER\.m2\repository\io\netty\netty-codec-socks\4.1.60.Final\netty-codec-socks-4.1.60.Final.jar;C:\Users\USER\.m2\repository\io\netty\netty-handler-proxy\4.1.60.Final\netty-handler-proxy-4.1.60.Final.jar;C:\Users\USER\.m2\repository\io\netty\netty-transport-native-epoll\4.1.60.Final\netty-transport-native-epoll-4.1.60.Final-linux-x86_64.jar;C:\Users\USER\.m2\repository\io\netty\netty-transport-native-kqueue\4.1.60.Final\netty-transport-native-kqueue-4.1.60.Final-osx-x86_64.jar;C:\Users\USER\.m2\repository\org\reactivestreams\reactive-streams\1.0.3\reactive-streams-1.0.3.jar;C:\Users\USER\.m2\repository\com\typesafe\netty\netty-reactive-streams\2.0.4\netty-reactive-streams-2.0.4.jar;C:\Users\USER\.m2\repository\com\sun\activation\jakarta.activation\1.2.2\jakarta.activation-1.2.2.jar;C:\Users\USER\.m2\repository\org\seleniumhq\selenium\selenium-safari-driver\4.9.1\selenium-safari-driver-4.9.1.jar;C:\Users\USER\.m2\repository\org\seleniumhq\selenium\selenium-support\4.9.1\selenium-support-4.9.1.jar;C:\Users\USER\.m2\repository\io\github\bonigarcia\webdrivermanager\5.3.3\webdrivermanager-5.3.3.jar;C:\Users\USER\.m2\repository\org\slf4j\slf4j-api\2.0.7\slf4j-api-2.0.7.jar;C:\Users\USER\.m2\repository\com\google\code\gson\gson\2.10.1\gson-2.10.1.jar;C:\Users\USER\.m2\repository\com\github\docker-java\docker-java\3.3.0\docker-java-3.3.0.jar;C:\Users\USER\.m2\repository\com\github\docker-java\docker-java-core\3.3.0\docker-java-core-3.3.0.jar;C:\Users\USER\.m2\repository\com\github\docker-java\docker-java-api\3.3.0\docker-java-api-3.3.0.jar;C:\Users\USER\.m2\repository\com\fasterxml\jackson\core\jackson-annotations\2.10.3\jackson-annotations-2.10.3.jar;C:\Users\USER\.m2\repository\org\apache\commons\commons-compress\1.21\commons-compress-1.21.jar;C:\Users\USER\.m2\repository\com\fasterxml\jackson\core\jackson-databind\2.10.3\jackson-databind-2.10.3.jar;C:\Users\USER\.m2\repository\com\fasterxml\jackson\core\jackson-core\2.10.3\jackson-core-2.10.3.jar;C:\Users\USER\.m2\repository\org\bouncycastle\bcpkix-jdk15on\1.64\bcpkix-jdk15on-1.64.jar;C:\Users\USER\.m2\repository\org\bouncycastle\bcprov-jdk15on\1.64\bcprov-jdk15on-1.64.jar;C:\Users\USER\.m2\repository\org\slf4j\jcl-over-slf4j\1.7.30\jcl-over-slf4j-1.7.30.jar;C:\Users\USER\.m2\repository\com\github\docker-java\docker-java-transport-httpclient5\3.3.0\docker-java-transport-httpclient5-3.3.0.jar;C:\Users\USER\.m2\repository\com\github\docker-java\docker-java-transport\3.3.0\docker-java-transport-3.3.0.jar;C:\Users\USER\.m2\repository\net\java\dev\jna\jna\5.12.1\jna-5.12.1.jar;C:\Users\USER\.m2\repository\org\brotli\dec\0.1.2\dec-0.1.2.jar;C:\Users\USER\.m2\repository\org\apache\commons\commons-lang3\3.12.0\commons-lang3-3.12.0.jar;C:\Users\USER\.m2\repository\org\apache\httpcomponents\client5\httpclient5\5.2.1\httpclient5-5.2.1.jar;C:\Users\USER\.m2\repository\org\apache\httpcomponents\core5\httpcore5\5.2\httpcore5-5.2.jar;C:\Users\USER\.m2\repository\org\apache\httpcomponents\core5\httpcore5-h2\5.2\httpcore5-h2-5.2.jar;C:\Users\USER\.m2\repository\org\testng\testng\7.7.1\testng-7.7.1.jar;C:\Users\USER\.m2\repository\com\beust\jcommander\1.82\jcommander-1.82.jar;C:\Users\USER\.m2\repository\org\webjars\jquery\3.6.1\jquery-3.6.1.jar;C:\Users\USER\.m2\repository\commons-io\commons-io\2.11.0\commons-io-2.11.0.jar
Launcher Type: SUN_STANDARD

[Global flags]
     intx CICompilerCount                          = 3                                         {product} {ergonomic}
     uint ConcGCThreads                            = 1                                         {product} {ergonomic}
     uint G1ConcRefinementThreads                  = 4                                         {product} {ergonomic}
   size_t G1HeapRegionSize                         = 2097152                                   {product} {ergonomic}
    uintx GCDrainStackTargetSize                   = 64                                        {product} {ergonomic}
   size_t InitialHeapSize                          = 197132288                                 {product} {ergonomic}
   size_t MarkStackSize                            = 4194304                                   {product} {ergonomic}
   size_t MaxHeapSize                              = 3143630848                                {product} {ergonomic}
   size_t MaxNewSize                               = 1885339648                                {product} {ergonomic}
   size_t MinHeapDeltaBytes                        = 2097152                                   {product} {ergonomic}
   size_t MinHeapSize                              = 8388608                                   {product} {ergonomic}
    uintx NonNMethodCodeHeapSize                   = 5832780                                {pd product} {ergonomic}
    uintx NonProfiledCodeHeapSize                  = 122912730                              {pd product} {ergonomic}
    uintx ProfiledCodeHeapSize                     = 122912730                              {pd product} {ergonomic}
    uintx ReservedCodeCacheSize                    = 251658240                              {pd product} {ergonomic}
     bool SegmentedCodeCache                       = true                                      {product} {ergonomic}
     bool ShowCodeDetailsInExceptionMessages       = true                                   {manageable} {command line}
   size_t SoftMaxHeapSize                          = 3143630848                             {manageable} {ergonomic}
     bool UseCompressedClassPointers               = true                           {product lp64_product} {ergonomic}
     bool UseCompressedOops                        = true                           {product lp64_product} {ergonomic}
     bool UseG1GC                                  = true                                      {product} {ergonomic}
     bool UseLargePagesIndividualAllocation        = false                                  {pd product} {ergonomic}

Logging:
Log output configuration:
 #0: stdout all=warning uptime,level,tags foldmultilines=false
 #1: stderr all=off uptime,level,tags foldmultilines=false

Environment Variables:
JAVA_HOME=c:\program files\java\jdk-19
PATH=C:\Program Files\Common Files\Oracle\Java\javapath;C:\Program Files\Python310\Scripts\;C:\Program Files\Python310\;C:\Windows\system32;C:\Windows;C:\Windows\System32\Wbem;C:\Windows\System32\WindowsPowerShell\v1.0\;C:\Windows\System32\OpenSSH\;C:\Users\USER\AppData\Local\Microsoft\WindowsApps;C:\Users\USER\AppData\Local\Programs\Microsoft VS Code\bin
USERNAME=USER
OS=Windows_NT
PROCESSOR_IDENTIFIER=Intel64 Family 6 Model 78 Stepping 3, GenuineIntel
TMP=C:\Users\USER\AppData\Local\Temp
TEMP=C:\Users\USER\AppData\Local\Temp




---------------  S Y S T E M  ---------------

OS:
 Windows 10 , 64 bit Build 19041 (10.0.19041.2913)
OS uptime: 9 days 1:39 hours

CPU: total 4 (initial active 4) (2 cores per cpu, 2 threads per core) family 6 model 78 stepping 3 microcode 0xcc, cx8, cmov, fxsr, ht, mmx, 3dnowpref, sse, sse2, sse3, ssse3, sse4.1, sse4.2, popcnt, lzcnt, tsc, tscinvbit, avx, avx2, aes, erms, clmul, bmi1, bmi2, adx, fma, vzeroupper, clflush, clflushopt, rdtscp, f16c

Memory: 4k page, system-wide physical 11989M (4185M free)
TotalPageFile size 42443M (AvailPageFile size 2M)
current process WorkingSet (physical memory assigned to process): 107M, peak: 139M
current process commit charge ("private bytes"): 191M, peak: 316M

vm_info: Java HotSpot(TM) 64-Bit Server VM (20+36-2344) for windows-amd64 JRE (20+36-2344), built on 2023-02-10T19:30:15Z by "mach5one" with MS VC++ 17.1 (VS2022)

END.
